<?xml version="1.0" encoding="UTF-8"?>
<testng-results skipped="0" failed="0" ignored="0" total="1" passed="1">
  <reporter-output>
  </reporter-output>
  <suite name="Default suite" duration-ms="134824" started-at="2020-09-18T16:27:35Z" finished-at="2020-09-18T16:29:50Z">
    <groups>
      <group name="cucumber">
        <method signature="AbstractTestNGCucumberTests.feature(cucumber.api.testng.CucumberFeatureWrapper)[pri:0, instance:Runner.testRunner@5db45159]" name="feature" class="cucumber.api.testng.AbstractTestNGCucumberTests"/>
      </group> <!-- cucumber -->
    </groups>
    <test name="Default test" duration-ms="134824" started-at="2020-09-18T16:27:35Z" finished-at="2020-09-18T16:29:50Z">
      <class name="Runner.testRunner">
        <test-method status="PASS" signature="setUpClass()[pri:0, instance:Runner.testRunner@5db45159]" name="setUpClass" is-config="true" duration-ms="996" started-at="2020-09-18T16:27:36Z" finished-at="2020-09-18T16:27:36Z">
          <reporter-output>
          </reporter-output>
        </test-method> <!-- setUpClass -->
        <test-method status="PASS" signature="feature(cucumber.api.testng.CucumberFeatureWrapper)[pri:0, instance:Runner.testRunner@5db45159]" name="feature" duration-ms="133559" started-at="2020-09-18T16:27:37Z" description="Runs Cucumber Feature" data-provider="features" finished-at="2020-09-18T16:29:50Z">
          <params>
            <param index="0">
              <value>
                <![CDATA[Sample TC for testing]]>
              </value>
            </param>
          </params>
          <reporter-output>
          </reporter-output>
        </test-method> <!-- feature -->
        <test-method status="PASS" signature="tearDownClass()[pri:0, instance:Runner.testRunner@5db45159]" name="tearDownClass" is-config="true" duration-ms="7" started-at="2020-09-18T16:29:50Z" finished-at="2020-09-18T16:29:50Z">
          <reporter-output>
          </reporter-output>
        </test-method> <!-- tearDownClass -->
      </class> <!-- Runner.testRunner -->
    </test> <!-- Default test -->
  </suite> <!-- Default suite -->
</testng-results>
