<?xml version="1.0" encoding="UTF-8"?>
<testng-results skipped="0" failed="0" ignored="0" total="1" passed="1">
  <reporter-output>
  </reporter-output>
  <suite name="Default suite" duration-ms="120494" started-at="2020-09-20T16:21:44Z" finished-at="2020-09-20T16:23:45Z">
    <groups>
      <group name="cucumber">
        <method signature="AbstractTestNGCucumberTests.feature(cucumber.api.testng.CucumberFeatureWrapper)[pri:0, instance:Runner.testRunner@16aa0a0a]" name="feature" class="cucumber.api.testng.AbstractTestNGCucumberTests"/>
      </group> <!-- cucumber -->
    </groups>
    <test name="Default test" duration-ms="120494" started-at="2020-09-20T16:21:44Z" finished-at="2020-09-20T16:23:45Z">
      <class name="Runner.testRunner">
        <test-method status="PASS" signature="setUpClass()[pri:0, instance:Runner.testRunner@16aa0a0a]" name="setUpClass" is-config="true" duration-ms="1666" started-at="2020-09-20T16:21:44Z" finished-at="2020-09-20T16:21:46Z">
          <reporter-output>
          </reporter-output>
        </test-method> <!-- setUpClass -->
        <test-method status="PASS" signature="feature(cucumber.api.testng.CucumberFeatureWrapper)[pri:0, instance:Runner.testRunner@16aa0a0a]" name="feature" duration-ms="117307" started-at="2020-09-20T16:21:47Z" description="Runs Cucumber Feature" data-provider="features" finished-at="2020-09-20T16:23:45Z">
          <params>
            <param index="0">
              <value>
                <![CDATA[Sample TC for testing]]>
              </value>
            </param>
          </params>
          <reporter-output>
          </reporter-output>
        </test-method> <!-- feature -->
        <test-method status="PASS" signature="tearDownClass()[pri:0, instance:Runner.testRunner@16aa0a0a]" name="tearDownClass" is-config="true" duration-ms="71" started-at="2020-09-20T16:23:45Z" finished-at="2020-09-20T16:23:45Z">
          <reporter-output>
          </reporter-output>
        </test-method> <!-- tearDownClass -->
      </class> <!-- Runner.testRunner -->
    </test> <!-- Default test -->
  </suite> <!-- Default suite -->
</testng-results>
